{"C:\\Users\\Daniel Aguiar\\code\\order-manager\\backend\\src\\pedidos\\pedidos.controller.ts": {"path":"C:\\Users\\Daniel Aguiar\\code\\order-manager\\backend\\src\\pedidos\\pedidos.controller.ts","statementMap":{"0":{"start":{"line":1,"column":0},"end":{"line":1,"column":null}},"1":{"start":{"line":10,"column":0},"end":{"line":10,"column":79}},"2":{"start":{"line":11,"column":0},"end":{"line":11,"column":51}},"3":{"start":{"line":12,"column":0},"end":{"line":12,"column":58}},"4":{"start":{"line":13,"column":0},"end":{"line":13,"column":85}},"5":{"start":{"line":14,"column":0},"end":{"line":14,"column":50}},"6":{"start":{"line":18,"column":7},"end":{"line":54,"column":null}},"7":{"start":{"line":19,"column":31},"end":{"line":19,"column":47}},"8":{"start":{"line":25,"column":4},"end":{"line":25,"column":55}},"9":{"start":{"line":33,"column":4},"end":{"line":33,"column":47}},"10":{"start":{"line":41,"column":4},"end":{"line":41,"column":43}},"11":{"start":{"line":52,"column":4},"end":{"line":52,"column":71}},"12":{"start":{"line":18,"column":13},"end":{"line":18,"column":30}},"13":{"start":{"line":24,"column":2},"end":{"line":26,"column":null}},"14":{"start":{"line":32,"column":2},"end":{"line":34,"column":null}},"15":{"start":{"line":40,"column":2},"end":{"line":42,"column":null}},"16":{"start":{"line":48,"column":2},"end":{"line":53,"column":null}},"17":{"start":{"line":18,"column":13},"end":{"line":54,"column":null}}},"fnMap":{"0":{"name":"(anonymous_4)","decl":{"start":{"line":19,"column":2},"end":{"line":19,"column":31}},"loc":{"start":{"line":19,"column":61},"end":{"line":19,"column":65}}},"1":{"name":"(anonymous_5)","decl":{"start":{"line":24,"column":2},"end":{"line":24,"column":8}},"loc":{"start":{"line":24,"column":49},"end":{"line":26,"column":3}}},"2":{"name":"(anonymous_6)","decl":{"start":{"line":32,"column":2},"end":{"line":32,"column":9}},"loc":{"start":{"line":32,"column":42},"end":{"line":34,"column":3}}},"3":{"name":"(anonymous_7)","decl":{"start":{"line":40,"column":2},"end":{"line":40,"column":9}},"loc":{"start":{"line":40,"column":33},"end":{"line":42,"column":3}}},"4":{"name":"(anonymous_8)","decl":{"start":{"line":48,"column":2},"end":{"line":48,"column":14}},"loc":{"start":{"line":50,"column":56},"end":{"line":53,"column":3}}}},"branchMap":{},"s":{"0":1,"1":1,"2":1,"3":1,"4":1,"5":1,"6":1,"7":8,"8":1,"9":2,"10":2,"11":2,"12":1,"13":1,"14":1,"15":1,"16":1,"17":1},"f":{"0":8,"1":1,"2":2,"3":2,"4":2},"b":{}}
,"C:\\Users\\Daniel Aguiar\\code\\order-manager\\backend\\src\\pedidos\\pedidos.service.ts": {"path":"C:\\Users\\Daniel Aguiar\\code\\order-manager\\backend\\src\\pedidos\\pedidos.service.ts","statementMap":{"0":{"start":{"line":1,"column":0},"end":{"line":1,"column":84}},"1":{"start":{"line":2,"column":0},"end":{"line":2,"column":57}},"2":{"start":{"line":3,"column":0},"end":{"line":3,"column":57}},"3":{"start":{"line":6,"column":0},"end":{"line":6,"column":40}},"4":{"start":{"line":9,"column":7},"end":{"line":132,"column":null}},"5":{"start":{"line":11,"column":21},"end":{"line":11,"column":29}},"6":{"start":{"line":12,"column":21},"end":{"line":12,"column":36}},"7":{"start":{"line":16,"column":22},"end":{"line":16,"column":37}},"8":{"start":{"line":18,"column":4},"end":{"line":20,"column":5}},"9":{"start":{"line":19,"column":6},"end":{"line":19,"column":79}},"10":{"start":{"line":22,"column":23},"end":{"line":23,"column":null}},"11":{"start":{"line":23,"column":24},"end":{"line":23,"column":64}},"12":{"start":{"line":26,"column":23},"end":{"line":29,"column":9}},"13":{"start":{"line":27,"column":20},"end":{"line":27,"column":37}},"14":{"start":{"line":28,"column":6},"end":{"line":28,"column":61}},"15":{"start":{"line":31,"column":4},"end":{"line":56,"column":7}},"16":{"start":{"line":35,"column":46},"end":{"line":39,"column":12}},"17":{"start":{"line":60,"column":18},"end":{"line":60,"column":57}},"18":{"start":{"line":62,"column":4},"end":{"line":81,"column":7}},"19":{"start":{"line":85,"column":19},"end":{"line":101,"column":6}},"20":{"start":{"line":103,"column":4},"end":{"line":105,"column":5}},"21":{"start":{"line":104,"column":6},"end":{"line":104,"column":72}},"22":{"start":{"line":107,"column":4},"end":{"line":107,"column":18}},"23":{"start":{"line":111,"column":4},"end":{"line":111,"column":27}},"24":{"start":{"line":113,"column":4},"end":{"line":130,"column":7}},"25":{"start":{"line":9,"column":13},"end":{"line":9,"column":27}},"26":{"start":{"line":9,"column":13},"end":{"line":132,"column":null}}},"fnMap":{"0":{"name":"(anonymous_2)","decl":{"start":{"line":10,"column":2},"end":{"line":10,"column":null}},"loc":{"start":{"line":12,"column":49},"end":{"line":13,"column":6}}},"1":{"name":"(anonymous_3)","decl":{"start":{"line":15,"column":2},"end":{"line":15,"column":7}},"loc":{"start":{"line":15,"column":47},"end":{"line":57,"column":3}}},"2":{"name":"(anonymous_4)","decl":{"start":{"line":23,"column":16},"end":{"line":23,"column":20}},"loc":{"start":{"line":23,"column":24},"end":{"line":23,"column":64}}},"3":{"name":"(anonymous_5)","decl":{"start":{"line":26,"column":36},"end":{"line":26,"column":37}},"loc":{"start":{"line":26,"column":59},"end":{"line":29,"column":5}}},"4":{"name":"(anonymous_6)","decl":{"start":{"line":35,"column":28},"end":{"line":35,"column":29}},"loc":{"start":{"line":35,"column":46},"end":{"line":39,"column":12}}},"5":{"name":"(anonymous_7)","decl":{"start":{"line":59,"column":2},"end":{"line":59,"column":7}},"loc":{"start":{"line":59,"column":31},"end":{"line":82,"column":3}}},"6":{"name":"(anonymous_8)","decl":{"start":{"line":84,"column":2},"end":{"line":84,"column":7}},"loc":{"start":{"line":84,"column":26},"end":{"line":108,"column":3}}},"7":{"name":"(anonymous_9)","decl":{"start":{"line":110,"column":2},"end":{"line":110,"column":7}},"loc":{"start":{"line":110,"column":77},"end":{"line":131,"column":3}}}},"branchMap":{"0":{"loc":{"start":{"line":18,"column":4},"end":{"line":20,"column":5}},"type":"if","locations":[{"start":{"line":18,"column":4},"end":{"line":20,"column":5}}]},"1":{"loc":{"start":{"line":18,"column":8},"end":{"line":18,"column":36}},"type":"binary-expr","locations":[{"start":{"line":18,"column":8},"end":{"line":18,"column":14}},{"start":{"line":18,"column":18},"end":{"line":18,"column":36}}]},"2":{"loc":{"start":{"line":60,"column":18},"end":{"line":60,"column":57}},"type":"cond-expr","locations":[{"start":{"line":60,"column":27},"end":{"line":60,"column":52}},{"start":{"line":60,"column":55},"end":{"line":60,"column":57}}]},"3":{"loc":{"start":{"line":103,"column":4},"end":{"line":105,"column":5}},"type":"if","locations":[{"start":{"line":103,"column":4},"end":{"line":105,"column":5}}]}},"s":{"0":2,"1":2,"2":2,"3":2,"4":2,"5":10,"6":10,"7":4,"8":4,"9":2,"10":2,"11":2,"12":2,"13":2,"14":2,"15":2,"16":2,"17":2,"18":2,"19":5,"20":5,"21":3,"22":2,"23":2,"24":1,"25":2,"26":2},"f":{"0":10,"1":4,"2":2,"3":2,"4":2,"5":2,"6":5,"7":2},"b":{"0":[2],"1":[4,4],"2":[1,1],"3":[3]}}
,"C:\\Users\\Daniel Aguiar\\code\\order-manager\\backend\\src\\pratos\\pratos.controller.ts": {"path":"C:\\Users\\Daniel Aguiar\\code\\order-manager\\backend\\src\\pratos\\pratos.controller.ts","statementMap":{"0":{"start":{"line":1,"column":0},"end":{"line":1,"column":null}},"1":{"start":{"line":12,"column":0},"end":{"line":12,"column":69}},"2":{"start":{"line":13,"column":0},"end":{"line":13,"column":49}},"3":{"start":{"line":14,"column":0},"end":{"line":14,"column":56}},"4":{"start":{"line":15,"column":0},"end":{"line":15,"column":56}},"5":{"start":{"line":16,"column":0},"end":{"line":16,"column":48}},"6":{"start":{"line":20,"column":7},"end":{"line":61,"column":null}},"7":{"start":{"line":21,"column":31},"end":{"line":21,"column":46}},"8":{"start":{"line":27,"column":4},"end":{"line":27,"column":53}},"9":{"start":{"line":34,"column":4},"end":{"line":34,"column":40}},"10":{"start":{"line":42,"column":4},"end":{"line":42,"column":42}},"11":{"start":{"line":50,"column":4},"end":{"line":50,"column":57}},"12":{"start":{"line":59,"column":4},"end":{"line":59,"column":41}},"13":{"start":{"line":20,"column":13},"end":{"line":20,"column":29}},"14":{"start":{"line":26,"column":2},"end":{"line":28,"column":null}},"15":{"start":{"line":33,"column":2},"end":{"line":35,"column":null}},"16":{"start":{"line":41,"column":2},"end":{"line":43,"column":null}},"17":{"start":{"line":49,"column":2},"end":{"line":51,"column":null}},"18":{"start":{"line":58,"column":2},"end":{"line":60,"column":null}},"19":{"start":{"line":20,"column":13},"end":{"line":61,"column":null}}},"fnMap":{"0":{"name":"(anonymous_4)","decl":{"start":{"line":21,"column":2},"end":{"line":21,"column":31}},"loc":{"start":{"line":21,"column":59},"end":{"line":21,"column":63}}},"1":{"name":"(anonymous_5)","decl":{"start":{"line":26,"column":2},"end":{"line":26,"column":8}},"loc":{"start":{"line":26,"column":47},"end":{"line":28,"column":3}}},"2":{"name":"(anonymous_6)","decl":{"start":{"line":33,"column":2},"end":{"line":33,"column":9}},"loc":{"start":{"line":33,"column":9},"end":{"line":35,"column":3}}},"3":{"name":"(anonymous_7)","decl":{"start":{"line":41,"column":2},"end":{"line":41,"column":9}},"loc":{"start":{"line":41,"column":33},"end":{"line":43,"column":3}}},"4":{"name":"(anonymous_8)","decl":{"start":{"line":49,"column":2},"end":{"line":49,"column":8}},"loc":{"start":{"line":49,"column":72},"end":{"line":51,"column":3}}},"5":{"name":"(anonymous_9)","decl":{"start":{"line":58,"column":2},"end":{"line":58,"column":8}},"loc":{"start":{"line":58,"column":32},"end":{"line":60,"column":3}}}},"branchMap":{},"s":{"0":1,"1":1,"2":1,"3":1,"4":1,"5":1,"6":1,"7":9,"8":1,"9":1,"10":2,"11":2,"12":2,"13":1,"14":1,"15":1,"16":1,"17":1,"18":1,"19":1},"f":{"0":9,"1":1,"2":1,"3":2,"4":2,"5":2},"b":{}}
,"C:\\Users\\Daniel Aguiar\\code\\order-manager\\backend\\src\\pratos\\pratos.service.ts": {"path":"C:\\Users\\Daniel Aguiar\\code\\order-manager\\backend\\src\\pratos\\pratos.service.ts","statementMap":{"0":{"start":{"line":1,"column":0},"end":{"line":1,"column":63}},"1":{"start":{"line":2,"column":0},"end":{"line":2,"column":57}},"2":{"start":{"line":7,"column":7},"end":{"line":52,"column":null}},"3":{"start":{"line":8,"column":31},"end":{"line":8,"column":39}},"4":{"start":{"line":11,"column":4},"end":{"line":13,"column":7}},"5":{"start":{"line":17,"column":4},"end":{"line":21,"column":7}},"6":{"start":{"line":25,"column":18},"end":{"line":27,"column":6}},"7":{"start":{"line":29,"column":4},"end":{"line":31,"column":5}},"8":{"start":{"line":30,"column":6},"end":{"line":30,"column":71}},"9":{"start":{"line":33,"column":4},"end":{"line":33,"column":17}},"10":{"start":{"line":37,"column":4},"end":{"line":37,"column":27}},"11":{"start":{"line":39,"column":4},"end":{"line":42,"column":7}},"12":{"start":{"line":46,"column":4},"end":{"line":46,"column":27}},"13":{"start":{"line":48,"column":4},"end":{"line":50,"column":7}},"14":{"start":{"line":7,"column":13},"end":{"line":7,"column":26}},"15":{"start":{"line":7,"column":13},"end":{"line":52,"column":null}}},"fnMap":{"0":{"name":"(anonymous_2)","decl":{"start":{"line":8,"column":2},"end":{"line":8,"column":31}},"loc":{"start":{"line":8,"column":52},"end":{"line":8,"column":56}}},"1":{"name":"(anonymous_3)","decl":{"start":{"line":10,"column":2},"end":{"line":10,"column":7}},"loc":{"start":{"line":10,"column":45},"end":{"line":14,"column":3}}},"2":{"name":"(anonymous_4)","decl":{"start":{"line":16,"column":2},"end":{"line":16,"column":7}},"loc":{"start":{"line":16,"column":15},"end":{"line":22,"column":3}}},"3":{"name":"(anonymous_5)","decl":{"start":{"line":24,"column":2},"end":{"line":24,"column":7}},"loc":{"start":{"line":24,"column":26},"end":{"line":34,"column":3}}},"4":{"name":"(anonymous_6)","decl":{"start":{"line":36,"column":2},"end":{"line":36,"column":7}},"loc":{"start":{"line":36,"column":57},"end":{"line":43,"column":3}}},"5":{"name":"(anonymous_7)","decl":{"start":{"line":45,"column":2},"end":{"line":45,"column":7}},"loc":{"start":{"line":45,"column":25},"end":{"line":51,"column":3}}}},"branchMap":{"0":{"loc":{"start":{"line":29,"column":4},"end":{"line":31,"column":5}},"type":"if","locations":[{"start":{"line":29,"column":4},"end":{"line":31,"column":5}}]}},"s":{"0":4,"1":4,"2":4,"3":9,"4":1,"5":1,"6":7,"7":7,"8":4,"9":3,"10":2,"11":1,"12":2,"13":1,"14":4,"15":4},"f":{"0":9,"1":1,"2":1,"3":7,"4":2,"5":2},"b":{"0":[4]}}
,"C:\\Users\\Daniel Aguiar\\code\\order-manager\\backend\\src\\prisma\\prisma.service.ts": {"path":"C:\\Users\\Daniel Aguiar\\code\\order-manager\\backend\\src\\prisma\\prisma.service.ts","statementMap":{"0":{"start":{"line":1,"column":0},"end":{"line":1,"column":75}},"1":{"start":{"line":2,"column":0},"end":{"line":2,"column":46}},"2":{"start":{"line":5,"column":7},"end":{"line":13,"column":null}},"3":{"start":{"line":7,"column":4},"end":{"line":7,"column":26}},"4":{"start":{"line":11,"column":4},"end":{"line":11,"column":29}},"5":{"start":{"line":5,"column":13},"end":{"line":5,"column":26}},"6":{"start":{"line":5,"column":13},"end":{"line":13,"column":null}}},"fnMap":{"0":{"name":"(anonymous_1)","decl":{"start":{"line":6,"column":2},"end":{"line":6,"column":7}},"loc":{"start":{"line":6,"column":20},"end":{"line":8,"column":3}}},"1":{"name":"(anonymous_2)","decl":{"start":{"line":10,"column":2},"end":{"line":10,"column":7}},"loc":{"start":{"line":10,"column":23},"end":{"line":12,"column":3}}}},"branchMap":{},"s":{"0":4,"1":4,"2":4,"3":0,"4":0,"5":4,"6":4},"f":{"0":0,"1":0},"b":{}}
}
