TN:
SF:src\pedidos\pedidos.controller.ts
FN:19,(anonymous_4)
FN:24,(anonymous_5)
FN:32,(anonymous_6)
FN:40,(anonymous_7)
FN:48,(anonymous_8)
FNF:5
FNH:5
FNDA:8,(anonymous_4)
FNDA:1,(anonymous_5)
FNDA:2,(anonymous_6)
FNDA:2,(anonymous_7)
FNDA:2,(anonymous_8)
DA:1,1
DA:10,1
DA:11,1
DA:12,1
DA:13,1
DA:14,1
DA:18,1
DA:19,8
DA:24,1
DA:25,1
DA:32,1
DA:33,2
DA:40,1
DA:41,2
DA:48,1
DA:52,2
LF:16
LH:16
BRF:0
BRH:0
end_of_record
TN:
SF:src\pedidos\pedidos.service.ts
FN:10,(anonymous_2)
FN:15,(anonymous_3)
FN:23,(anonymous_4)
FN:26,(anonymous_5)
FN:35,(anonymous_6)
FN:59,(anonymous_7)
FN:84,(anonymous_8)
FN:110,(anonymous_9)
FNF:8
FNH:8
FNDA:10,(anonymous_2)
FNDA:4,(anonymous_3)
FNDA:2,(anonymous_4)
FNDA:2,(anonymous_5)
FNDA:2,(anonymous_6)
FNDA:2,(anonymous_7)
FNDA:5,(anonymous_8)
FNDA:2,(anonymous_9)
DA:1,2
DA:2,2
DA:3,2
DA:6,2
DA:9,2
DA:11,10
DA:12,10
DA:16,4
DA:18,4
DA:19,2
DA:22,2
DA:23,2
DA:26,2
DA:27,2
DA:28,2
DA:31,2
DA:35,2
DA:60,2
DA:62,2
DA:85,5
DA:103,5
DA:104,3
DA:107,2
DA:111,2
DA:113,1
LF:25
LH:25
BRDA:18,0,0,2
BRDA:18,1,0,4
BRDA:18,1,1,4
BRDA:60,2,0,1
BRDA:60,2,1,1
BRDA:103,3,0,3
BRF:6
BRH:6
end_of_record
TN:
SF:src\pratos\pratos.controller.ts
FN:21,(anonymous_4)
FN:26,(anonymous_5)
FN:33,(anonymous_6)
FN:41,(anonymous_7)
FN:49,(anonymous_8)
FN:58,(anonymous_9)
FNF:6
FNH:6
FNDA:9,(anonymous_4)
FNDA:1,(anonymous_5)
FNDA:1,(anonymous_6)
FNDA:2,(anonymous_7)
FNDA:2,(anonymous_8)
FNDA:2,(anonymous_9)
DA:1,1
DA:12,1
DA:13,1
DA:14,1
DA:15,1
DA:16,1
DA:20,1
DA:21,9
DA:26,1
DA:27,1
DA:33,1
DA:34,1
DA:41,1
DA:42,2
DA:49,1
DA:50,2
DA:58,1
DA:59,2
LF:18
LH:18
BRF:0
BRH:0
end_of_record
TN:
SF:src\pratos\pratos.service.ts
FN:8,(anonymous_2)
FN:10,(anonymous_3)
FN:16,(anonymous_4)
FN:24,(anonymous_5)
FN:36,(anonymous_6)
FN:45,(anonymous_7)
FNF:6
FNH:6
FNDA:9,(anonymous_2)
FNDA:1,(anonymous_3)
FNDA:1,(anonymous_4)
FNDA:7,(anonymous_5)
FNDA:2,(anonymous_6)
FNDA:2,(anonymous_7)
DA:1,4
DA:2,4
DA:7,4
DA:8,9
DA:11,1
DA:17,1
DA:25,7
DA:29,7
DA:30,4
DA:33,3
DA:37,2
DA:39,1
DA:46,2
DA:48,1
LF:14
LH:14
BRDA:29,0,0,4
BRF:1
BRH:1
end_of_record
TN:
SF:src\prisma\prisma.service.ts
FN:6,(anonymous_1)
FN:10,(anonymous_2)
FNF:2
FNH:0
FNDA:0,(anonymous_1)
FNDA:0,(anonymous_2)
DA:1,4
DA:2,4
DA:5,4
DA:7,0
DA:11,0
LF:5
LH:3
BRF:0
BRH:0
end_of_record
